<?xml version="1.0" encoding="UTF-8"?>
<!-- Generated by org.testng.reporters.JUnitXMLReporter -->
<testsuite ignored="0" hostname="DESKTOP-6MMKR3C" failures="0" tests="3" name="Test" time="0.096" errors="0" timestamp="2024-08-01T20:13:53 IST">
  <testcase classname="Grow.Grow.AppTest" name="shouldAnswerWithTrue" time="0.01"/>
  <testcase classname="Grow.Grow.AppTest2" name="shouldAnswerWithTrue" time="0.002"/>
  <testcase classname="Grow.Grow.AppTest3" name="shouldAnswerWithTrue" time="0.001"/>
</testsuite> <!-- Test -->
