<?xml version="1.0" encoding="UTF-8"?>
<testng-results ignored="0" total="1" passed="1" failed="0" skipped="0">
  <reporter-output>
  </reporter-output>
  <suite started-at="2024-08-01T19:07:04 IST" name="Suite" finished-at="2024-08-01T19:07:04 IST" duration-ms="84">
    <groups>
    </groups>
    <test started-at="2024-08-01T19:07:04 IST" name="Test" finished-at="2024-08-01T19:07:04 IST" duration-ms="84">
      <class name="Grow.Grow.AppTest">
        <test-method signature="shouldAnswerWithTrue()[pri:0, instance:Grow.Grow.AppTest@418e7838]" started-at="2024-08-01T19:07:04 IST" name="shouldAnswerWithTrue" finished-at="2024-08-01T19:07:04 IST" duration-ms="11" status="PASS">
          <reporter-output>
          </reporter-output>
        </test-method> <!-- shouldAnswerWithTrue -->
      </class> <!-- Grow.Grow.AppTest -->
    </test> <!-- Test -->
  </suite> <!-- Suite -->
</testng-results>
